2019-03-24 17:16:18 - INFO  - Starting EmployeServiceIntegrationTest on FR-L3032818 with PID 36908 (started by johan.campion in C:\Users\johan.campion\IdeaProjects\ipi-java-350-ex)
2019-03-24 17:16:18 - INFO  - No active profile set, falling back to default profiles: default
2019-03-24 17:16:23 - INFO  - Started EmployeServiceIntegrationTest in 5.47 seconds (JVM running for 7.64)
2019-03-24 17:17:45 - INFO  - Starting EmployeServiceIntegrationTest on FR-L3032818 with PID 37776 (started by johan.campion in C:\Users\johan.campion\IdeaProjects\ipi-java-350-ex)
2019-03-24 17:17:45 - INFO  - No active profile set, falling back to default profiles: default
2019-03-24 17:17:50 - INFO  - Started EmployeServiceIntegrationTest in 5.525 seconds (JVM running for 7.493)
2019-03-24 17:18:31 - INFO  - Starting EmployeServiceIntegrationTest on FR-L3032818 with PID 47328 (started by johan.campion in C:\Users\johan.campion\IdeaProjects\ipi-java-350-ex)
2019-03-24 17:18:31 - INFO  - No active profile set, falling back to default profiles: default
2019-03-24 17:18:36 - INFO  - Started EmployeServiceIntegrationTest in 5.194 seconds (JVM running for 7.088)
2019-03-24 17:18:36 - INFO  - Embauche de l'employ√© John Doe dipl√¥m√© de BTS_IUT en tant que TECHNICIEN avec un taux d'activit√© de 1.0 
2019-03-24 17:19:14 - INFO  - Starting EmployeServiceIntegrationTest on FR-L3032818 with PID 48040 (started by johan.campion in C:\Users\johan.campion\IdeaProjects\ipi-java-350-ex)
2019-03-24 17:19:14 - INFO  - No active profile set, falling back to default profiles: default
2019-03-24 17:19:19 - INFO  - Started EmployeServiceIntegrationTest in 5.217 seconds (JVM running for 7.294)
2019-03-24 17:21:28 - INFO  - Starting EmployeServiceIntegrationTest on FR-L3032818 with PID 41356 (started by johan.campion in C:\Users\johan.campion\IdeaProjects\ipi-java-350-ex)
2019-03-24 17:21:28 - INFO  - No active profile set, falling back to default profiles: default
2019-03-24 17:21:33 - INFO  - Started EmployeServiceIntegrationTest in 5.545 seconds (JVM running for 7.521)
2019-03-24 17:24:51 - INFO  - Starting EmployeServiceIntegrationTest on FR-L3032818 with PID 39656 (started by johan.campion in C:\Users\johan.campion\IdeaProjects\ipi-java-350-ex)
2019-03-24 17:24:51 - INFO  - No active profile set, falling back to default profiles: default
2019-03-24 17:24:56 - INFO  - Started EmployeServiceIntegrationTest in 5.324 seconds (JVM running for 7.33)
2019-03-24 17:25:31 - INFO  - Starting EmployeServiceIntegrationTest on FR-L3032818 with PID 21428 (started by johan.campion in C:\Users\johan.campion\IdeaProjects\ipi-java-350-ex)
2019-03-24 17:25:31 - INFO  - No active profile set, falling back to default profiles: default
2019-03-24 17:25:35 - INFO  - Started EmployeServiceIntegrationTest in 4.924 seconds (JVM running for 7.02)
2019-03-24 17:27:10 - INFO  - Starting EmployeServiceIntegrationTest on FR-L3032818 with PID 45848 (started by johan.campion in C:\Users\johan.campion\IdeaProjects\ipi-java-350-ex)
2019-03-24 17:27:10 - INFO  - No active profile set, falling back to default profiles: default
2019-03-24 17:27:15 - INFO  - Started EmployeServiceIntegrationTest in 5.342 seconds (JVM running for 7.251)
2019-03-24 17:35:57 - INFO  - Starting EmployeServiceIntegrationTest on FR-L3032818 with PID 34524 (started by johan.campion in C:\Users\johan.campion\IdeaProjects\ipi-java-350-ex)
2019-03-24 17:35:57 - INFO  - No active profile set, falling back to default profiles: default
2019-03-24 17:36:02 - INFO  - Started EmployeServiceIntegrationTest in 5.198 seconds (JVM running for 7.109)
2019-03-24 18:06:35 - INFO  - Starting EmployeRepositoryTest on FR-L3032818 with PID 42360 (started by johan.campion in C:\Users\johan.campion\IdeaProjects\ipi-java-350-ex)
2019-03-24 18:06:35 - INFO  - No active profile set, falling back to default profiles: default
2019-03-24 18:06:40 - INFO  - Started EmployeRepositoryTest in 5.347 seconds (JVM running for 7.29)
2019-03-24 18:06:40 - INFO  - Starting EmployeServiceIntegrationTest on FR-L3032818 with PID 42360 (started by johan.campion in C:\Users\johan.campion\IdeaProjects\ipi-java-350-ex)
2019-03-24 18:06:40 - INFO  - No active profile set, falling back to default profiles: default
2019-03-24 18:06:41 - INFO  - Started EmployeServiceIntegrationTest in 0.958 seconds (JVM running for 8.56)
2019-03-24 18:06:41 - INFO  - Embauche de l'employÈ John Doe diplÙmÈ de BTS_IUT en tant que TECHNICIEN avec un taux d'activitÈ de 1.0 
2019-03-24 18:06:41 - INFO  - Embauche de l'employÈ John Doe diplÙmÈ de MASTER en tant que MANAGER avec un taux d'activitÈ de 0.5 
2019-03-24 18:06:42 - INFO  - Embauche de l'employÈ John Doe diplÙmÈ de MASTER en tant que MANAGER avec un taux d'activitÈ de 0.5 
2019-03-24 18:06:42 - ERROR - Limite des 100000 matricules atteinte !
2019-03-24 18:06:42 - INFO  - Embauche de l'employÈ John Doe diplÙmÈ de MASTER en tant que MANAGER avec un taux d'activitÈ de 0.5 
2019-03-24 18:06:42 - INFO  - Embauche de l'employÈ John Doe diplÙmÈ de BTS_IUT en tant que TECHNICIEN avec un taux d'activitÈ de 1.0 
2019-03-24 18:06:42 - INFO  - Embauche de l'employÈ John Doe diplÙmÈ de MASTER en tant que MANAGER avec un taux d'activitÈ de 0.5 
2019-03-24 18:06:42 - ERROR - L'employÈ de matricule M00001 existe dÈj‡ en BDD
2019-03-24 18:06:52 - INFO  - Starting EmployeRepositoryTest on FR-L3032818 with PID 41028 (started by johan.campion in C:\Users\johan.campion\IdeaProjects\ipi-java-350-ex)
2019-03-24 18:06:52 - INFO  - No active profile set, falling back to default profiles: default
2019-03-24 18:06:58 - INFO  - Started EmployeRepositoryTest in 6.228 seconds (JVM running for 8.776)
2019-03-24 18:06:59 - INFO  - Starting EmployeServiceIntegrationTest on FR-L3032818 with PID 41028 (started by johan.campion in C:\Users\johan.campion\IdeaProjects\ipi-java-350-ex)
2019-03-24 18:06:59 - INFO  - No active profile set, falling back to default profiles: default
2019-03-24 18:07:00 - INFO  - Started EmployeServiceIntegrationTest in 1.36 seconds (JVM running for 10.492)
2019-03-24 18:07:00 - INFO  - Embauche de l'employ√© John Doe dipl√¥m√© de BTS_IUT en tant que TECHNICIEN avec un taux d'activit√© de 1.0 
2019-03-24 18:07:00 - INFO  - Embauche de l'employ√© John Doe dipl√¥m√© de MASTER en tant que MANAGER avec un taux d'activit√© de 0.5 
2019-03-24 18:07:00 - INFO  - Embauche de l'employ√© John Doe dipl√¥m√© de MASTER en tant que MANAGER avec un taux d'activit√© de 0.5 
2019-03-24 18:07:00 - ERROR - Limite des 100000 matricules atteinte !
2019-03-24 18:07:00 - INFO  - Embauche de l'employ√© John Doe dipl√¥m√© de MASTER en tant que MANAGER avec un taux d'activit√© de 0.5 
2019-03-24 18:07:00 - ERROR - L'employ√© de matricule M00001 existe d√©j√† en BDD
2019-03-24 18:07:00 - INFO  - Embauche de l'employ√© John Doe dipl√¥m√© de MASTER en tant que MANAGER avec un taux d'activit√© de 0.5 
2019-03-24 18:07:00 - INFO  - Embauche de l'employ√© John Doe dipl√¥m√© de BTS_IUT en tant que TECHNICIEN avec un taux d'activit√© de 1.0 
2019-03-24 18:07:04 - INFO  - Embauche de l'employ√© John Doe dipl√¥m√© de MASTER en tant que MANAGER avec un taux d'activit√© de 0.5 
2019-03-24 18:07:05 - INFO  - Starting EmployeRepositoryTest on FR-L3032818 with PID 39180 (started by johan.campion in C:\Users\johan.campion\IdeaProjects\ipi-java-350-ex)
2019-03-24 18:07:05 - INFO  - No active profile set, falling back to default profiles: default
2019-03-24 18:07:11 - INFO  - Embauche de l'employ√© John Doe dipl√¥m√© de MASTER en tant que MANAGER avec un taux d'activit√© de 0.5 
2019-03-24 18:07:12 - INFO  - Embauche de l'employ√© John Doe dipl√¥m√© de MASTER en tant que MANAGER avec un taux d'activit√© de 0.5 
2019-03-24 18:07:12 - INFO  - Embauche de l'employ√© John Doe dipl√¥m√© de MASTER en tant que MANAGER avec un taux d'activit√© de 0.5 
2019-03-24 18:07:12 - INFO  - Embauche de l'employ√© John Doe dipl√¥m√© de MASTER en tant que MANAGER avec un taux d'activit√© de 0.5 
2019-03-24 18:07:15 - INFO  - Embauche de l'employ√© John Doe dipl√¥m√© de MASTER en tant que MANAGER avec un taux d'activit√© de 0.5 
2019-03-24 18:07:15 - INFO  - Embauche de l'employ√© John Doe dipl√¥m√© de MASTER en tant que MANAGER avec un taux d'activit√© de 0.5 
2019-03-24 18:07:15 - INFO  - Embauche de l'employ√© John Doe dipl√¥m√© de MASTER en tant que MANAGER avec un taux d'activit√© de 0.5 
2019-03-24 18:07:16 - INFO  - Starting EmployeServiceIntegrationTest on FR-L3032818 with PID 39800 (started by johan.campion in C:\Users\johan.campion\IdeaProjects\ipi-java-350-ex)
2019-03-24 18:07:16 - INFO  - No active profile set, falling back to default profiles: default
2019-03-24 18:07:22 - INFO  - Starting EmployeServiceIntegrationTest on FR-L3032818 with PID 14036 (started by johan.campion in C:\Users\johan.campion\IdeaProjects\ipi-java-350-ex)
2019-03-24 18:07:22 - INFO  - No active profile set, falling back to default profiles: default
2019-03-24 18:07:27 - INFO  - Embauche de l'employ√© John Doe dipl√¥m√© de MASTER en tant que MANAGER avec un taux d'activit√© de 0.5 
2019-03-24 18:07:27 - ERROR - Limite des 100000 matricules atteinte !
2019-03-24 18:07:28 - INFO  - Starting EmployeServiceIntegrationTest on FR-L3032818 with PID 24588 (started by johan.campion in C:\Users\johan.campion\IdeaProjects\ipi-java-350-ex)
2019-03-24 18:07:28 - INFO  - No active profile set, falling back to default profiles: default
2019-03-24 18:07:33 - INFO  - Starting EmployeServiceIntegrationTest on FR-L3032818 with PID 40416 (started by johan.campion in C:\Users\johan.campion\IdeaProjects\ipi-java-350-ex)
2019-03-24 18:07:33 - INFO  - No active profile set, falling back to default profiles: default
2019-03-24 18:07:38 - INFO  - Embauche de l'employ√© John Doe dipl√¥m√© de MASTER en tant que MANAGER avec un taux d'activit√© de 0.5 
2019-03-24 18:07:38 - INFO  - Embauche de l'employ√© John Doe dipl√¥m√© de MASTER en tant que MANAGER avec un taux d'activit√© de 0.5 
2019-03-24 18:07:39 - INFO  - Starting EmployeServiceIntegrationTest on FR-L3032818 with PID 16196 (started by johan.campion in C:\Users\johan.campion\IdeaProjects\ipi-java-350-ex)
2019-03-24 18:07:39 - INFO  - No active profile set, falling back to default profiles: default
2019-03-24 18:07:45 - INFO  - Starting EmployeServiceIntegrationTest on FR-L3032818 with PID 18460 (started by johan.campion in C:\Users\johan.campion\IdeaProjects\ipi-java-350-ex)
2019-03-24 18:07:45 - INFO  - No active profile set, falling back to default profiles: default
2019-03-24 18:07:51 - INFO  - Starting EmployeServiceIntegrationTest on FR-L3032818 with PID 38364 (started by johan.campion in C:\Users\johan.campion\IdeaProjects\ipi-java-350-ex)
2019-03-24 18:07:51 - INFO  - No active profile set, falling back to default profiles: default
2019-03-24 18:07:56 - INFO  - Starting EmployeServiceIntegrationTest on FR-L3032818 with PID 27836 (started by johan.campion in C:\Users\johan.campion\IdeaProjects\ipi-java-350-ex)
2019-03-24 18:07:56 - INFO  - No active profile set, falling back to default profiles: default
2019-03-24 18:08:01 - INFO  - Embauche de l'employ√© John Doe dipl√¥m√© de MASTER en tant que MANAGER avec un taux d'activit√© de 0.5 
2019-03-24 18:08:01 - ERROR - L'employ√© de matricule M00001 existe d√©j√† en BDD
2019-03-24 18:08:01 - INFO  - Embauche de l'employ√© John Doe dipl√¥m√© de MASTER en tant que MANAGER avec un taux d'activit√© de 0.5 
2019-03-24 18:08:01 - INFO  - Embauche de l'employ√© John Doe dipl√¥m√© de MASTER en tant que MANAGER avec un taux d'activit√© de 0.5 
2019-03-24 18:08:01 - INFO  - Embauche de l'employ√© John Doe dipl√¥m√© de MASTER en tant que MANAGER avec un taux d'activit√© de 0.5 
2019-03-24 18:08:02 - INFO  - Starting EmployeServiceIntegrationTest on FR-L3032818 with PID 35492 (started by johan.campion in C:\Users\johan.campion\IdeaProjects\ipi-java-350-ex)
2019-03-24 18:08:02 - INFO  - No active profile set, falling back to default profiles: default
2019-03-24 18:08:07 - INFO  - Embauche de l'employ√© John Doe dipl√¥m√© de MASTER en tant que MANAGER avec un taux d'activit√© de 0.5 
2019-03-24 18:08:07 - INFO  - Embauche de l'employ√© John Doe dipl√¥m√© de MASTER en tant que MANAGER avec un taux d'activit√© de 0.5 
2019-03-24 18:08:07 - INFO  - Embauche de l'employ√© John Doe dipl√¥m√© de MASTER en tant que MANAGER avec un taux d'activit√© de 0.5 
2019-03-24 18:08:07 - INFO  - Embauche de l'employ√© John Doe dipl√¥m√© de MASTER en tant que MANAGER avec un taux d'activit√© de 0.5 
2019-03-24 18:08:07 - INFO  - Embauche de l'employ√© John Doe dipl√¥m√© de MASTER en tant que MANAGER avec un taux d'activit√© de 0.5 
2019-03-24 18:08:07 - INFO  - Embauche de l'employ√© John Doe dipl√¥m√© de MASTER en tant que MANAGER avec un taux d'activit√© de 0.5 
2019-03-24 18:08:07 - INFO  - Embauche de l'employ√© John Doe dipl√¥m√© de MASTER en tant que MANAGER avec un taux d'activit√© de 0.5 
2019-03-24 18:08:07 - INFO  - Embauche de l'employ√© John Doe dipl√¥m√© de MASTER en tant que MANAGER avec un taux d'activit√© de 0.5 
2019-03-24 18:08:07 - INFO  - Embauche de l'employ√© John Doe dipl√¥m√© de MASTER en tant que MANAGER avec un taux d'activit√© de 0.5 
2019-03-24 18:08:08 - INFO  - Starting EmployeServiceIntegrationTest on FR-L3032818 with PID 46544 (started by johan.campion in C:\Users\johan.campion\IdeaProjects\ipi-java-350-ex)
2019-03-24 18:08:08 - INFO  - No active profile set, falling back to default profiles: default
2019-03-24 18:08:14 - INFO  - Starting EmployeServiceIntegrationTest on FR-L3032818 with PID 10160 (started by johan.campion in C:\Users\johan.campion\IdeaProjects\ipi-java-350-ex)
2019-03-24 18:08:14 - INFO  - No active profile set, falling back to default profiles: default
2019-03-24 18:08:19 - INFO  - Starting EmployeServiceIntegrationTest on FR-L3032818 with PID 22324 (started by johan.campion in C:\Users\johan.campion\IdeaProjects\ipi-java-350-ex)
2019-03-24 18:08:19 - INFO  - No active profile set, falling back to default profiles: default
2019-03-24 18:08:25 - INFO  - Starting EmployeServiceIntegrationTest on FR-L3032818 with PID 47532 (started by johan.campion in C:\Users\johan.campion\IdeaProjects\ipi-java-350-ex)
2019-03-24 18:08:25 - INFO  - No active profile set, falling back to default profiles: default
2019-03-24 18:20:37 - INFO  - Starting EmployeRepositoryTest on FR-L3032818 with PID 47820 (started by johan.campion in C:\Users\johan.campion\IdeaProjects\ipi-java-350-ex)
2019-03-24 18:20:37 - INFO  - No active profile set, falling back to default profiles: default
2019-03-24 18:20:42 - INFO  - Started EmployeRepositoryTest in 5.327 seconds (JVM running for 7.259)
2019-03-24 18:20:42 - INFO  - Starting EmployeServiceIntegrationTest on FR-L3032818 with PID 47820 (started by johan.campion in C:\Users\johan.campion\IdeaProjects\ipi-java-350-ex)
2019-03-24 18:20:42 - INFO  - No active profile set, falling back to default profiles: default
2019-03-24 18:20:43 - INFO  - Started EmployeServiceIntegrationTest in 0.973 seconds (JVM running for 8.505)
2019-03-24 18:20:43 - INFO  - Embauche de l'employÈ John Doe diplÙmÈ de BTS_IUT en tant que TECHNICIEN avec un taux d'activitÈ de 1.0 
2019-03-24 18:20:44 - INFO  - Embauche de l'employÈ John Doe diplÙmÈ de MASTER en tant que MANAGER avec un taux d'activitÈ de 0.5 
2019-03-24 18:20:44 - INFO  - Embauche de l'employÈ John Doe diplÙmÈ de MASTER en tant que MANAGER avec un taux d'activitÈ de 0.5 
2019-03-24 18:20:44 - ERROR - Limite des 100000 matricules atteinte !
2019-03-24 18:20:44 - INFO  - Embauche de l'employÈ John Doe diplÙmÈ de MASTER en tant que MANAGER avec un taux d'activitÈ de 0.5 
2019-03-24 18:20:44 - INFO  - Embauche de l'employÈ John Doe diplÙmÈ de BTS_IUT en tant que TECHNICIEN avec un taux d'activitÈ de 1.0 
2019-03-24 18:20:44 - INFO  - Embauche de l'employÈ John Doe diplÙmÈ de MASTER en tant que MANAGER avec un taux d'activitÈ de 0.5 
2019-03-24 18:20:44 - ERROR - L'employÈ de matricule M00001 existe dÈj‡ en BDD
2019-03-24 18:20:50 - INFO  - Starting EmployeRepositoryTest on FR-L3032818 with PID 41828 (started by johan.campion in C:\Users\johan.campion\IdeaProjects\ipi-java-350-ex)
2019-03-24 18:20:50 - INFO  - No active profile set, falling back to default profiles: default
2019-03-24 18:20:56 - INFO  - Started EmployeRepositoryTest in 6.333 seconds (JVM running for 8.742)
2019-03-24 18:20:57 - INFO  - Starting EmployeServiceIntegrationTest on FR-L3032818 with PID 41828 (started by johan.campion in C:\Users\johan.campion\IdeaProjects\ipi-java-350-ex)
2019-03-24 18:20:57 - INFO  - No active profile set, falling back to default profiles: default
2019-03-24 18:20:58 - INFO  - Started EmployeServiceIntegrationTest in 1.343 seconds (JVM running for 10.418)
2019-03-24 18:20:58 - INFO  - Embauche de l'employ√© John Doe dipl√¥m√© de BTS_IUT en tant que TECHNICIEN avec un taux d'activit√© de 1.0 
2019-03-24 18:20:59 - INFO  - Embauche de l'employ√© John Doe dipl√¥m√© de MASTER en tant que MANAGER avec un taux d'activit√© de 0.5 
2019-03-24 18:20:59 - INFO  - Embauche de l'employ√© John Doe dipl√¥m√© de MASTER en tant que MANAGER avec un taux d'activit√© de 0.5 
2019-03-24 18:20:59 - ERROR - Limite des 100000 matricules atteinte !
2019-03-24 18:20:59 - INFO  - Embauche de l'employ√© John Doe dipl√¥m√© de MASTER en tant que MANAGER avec un taux d'activit√© de 0.5 
2019-03-24 18:20:59 - ERROR - L'employ√© de matricule M00001 existe d√©j√† en BDD
2019-03-24 18:20:59 - INFO  - Embauche de l'employ√© John Doe dipl√¥m√© de MASTER en tant que MANAGER avec un taux d'activit√© de 0.5 
2019-03-24 18:20:59 - INFO  - Embauche de l'employ√© John Doe dipl√¥m√© de BTS_IUT en tant que TECHNICIEN avec un taux d'activit√© de 1.0 
2019-03-24 18:21:02 - INFO  - Embauche de l'employ√© John Doe dipl√¥m√© de BTS_IUT en tant que TECHNICIEN avec un taux d'activit√© de 1.0 
2019-03-24 18:21:03 - INFO  - Starting EmployeRepositoryTest on FR-L3032818 with PID 33540 (started by johan.campion in C:\Users\johan.campion\IdeaProjects\ipi-java-350-ex)
2019-03-24 18:21:03 - INFO  - No active profile set, falling back to default profiles: default
2019-03-24 18:21:09 - INFO  - Embauche de l'employ√© John Doe dipl√¥m√© de MASTER en tant que MANAGER avec un taux d'activit√© de 0.5 
2019-03-24 18:21:09 - INFO  - Embauche de l'employ√© John Doe dipl√¥m√© de BTS_IUT en tant que TECHNICIEN avec un taux d'activit√© de 1.0 
2019-03-24 18:21:09 - INFO  - Embauche de l'employ√© John Doe dipl√¥m√© de BTS_IUT en tant que TECHNICIEN avec un taux d'activit√© de 1.0 
2019-03-24 18:21:10 - INFO  - Embauche de l'employ√© John Doe dipl√¥m√© de BTS_IUT en tant que TECHNICIEN avec un taux d'activit√© de 1.0 
2019-03-24 18:21:12 - INFO  - Embauche de l'employ√© John Doe dipl√¥m√© de MASTER en tant que MANAGER avec un taux d'activit√© de 0.5 
2019-03-24 18:21:13 - INFO  - Embauche de l'employ√© John Doe dipl√¥m√© de BTS_IUT en tant que TECHNICIEN avec un taux d'activit√© de 1.0 
2019-03-24 18:21:13 - INFO  - Embauche de l'employ√© John Doe dipl√¥m√© de MASTER en tant que MANAGER avec un taux d'activit√© de 0.5 
2019-03-24 18:21:14 - INFO  - Starting EmployeServiceIntegrationTest on FR-L3032818 with PID 47708 (started by johan.campion in C:\Users\johan.campion\IdeaProjects\ipi-java-350-ex)
2019-03-24 18:21:14 - INFO  - No active profile set, falling back to default profiles: default
2019-03-24 18:21:20 - INFO  - Starting EmployeServiceIntegrationTest on FR-L3032818 with PID 47860 (started by johan.campion in C:\Users\johan.campion\IdeaProjects\ipi-java-350-ex)
2019-03-24 18:21:20 - INFO  - No active profile set, falling back to default profiles: default
2019-03-24 18:21:25 - INFO  - Embauche de l'employ√© John Doe dipl√¥m√© de MASTER en tant que MANAGER avec un taux d'activit√© de 0.5 
2019-03-24 18:21:25 - ERROR - Limite des 100000 matricules atteinte !
2019-03-24 18:21:26 - INFO  - Starting EmployeServiceIntegrationTest on FR-L3032818 with PID 44020 (started by johan.campion in C:\Users\johan.campion\IdeaProjects\ipi-java-350-ex)
2019-03-24 18:21:26 - INFO  - No active profile set, falling back to default profiles: default
2019-03-24 18:21:32 - INFO  - Starting EmployeServiceIntegrationTest on FR-L3032818 with PID 39552 (started by johan.campion in C:\Users\johan.campion\IdeaProjects\ipi-java-350-ex)
2019-03-24 18:21:32 - INFO  - No active profile set, falling back to default profiles: default
2019-03-24 18:21:37 - INFO  - Embauche de l'employ√© John Doe dipl√¥m√© de MASTER en tant que MANAGER avec un taux d'activit√© de 0.5 
2019-03-24 18:21:37 - INFO  - Embauche de l'employ√© John Doe dipl√¥m√© de BTS_IUT en tant que TECHNICIEN avec un taux d'activit√© de 1.0 
2019-03-24 18:21:37 - INFO  - Embauche de l'employ√© John Doe dipl√¥m√© de MASTER en tant que MANAGER avec un taux d'activit√© de 0.5 
2019-03-24 18:21:38 - INFO  - Starting EmployeServiceIntegrationTest on FR-L3032818 with PID 44936 (started by johan.campion in C:\Users\johan.campion\IdeaProjects\ipi-java-350-ex)
2019-03-24 18:21:38 - INFO  - No active profile set, falling back to default profiles: default
2019-03-24 18:21:44 - INFO  - Starting EmployeServiceIntegrationTest on FR-L3032818 with PID 40312 (started by johan.campion in C:\Users\johan.campion\IdeaProjects\ipi-java-350-ex)
2019-03-24 18:21:44 - INFO  - No active profile set, falling back to default profiles: default
2019-03-24 18:21:49 - INFO  - Starting EmployeServiceIntegrationTest on FR-L3032818 with PID 38948 (started by johan.campion in C:\Users\johan.campion\IdeaProjects\ipi-java-350-ex)
2019-03-24 18:21:49 - INFO  - No active profile set, falling back to default profiles: default
2019-03-24 18:21:55 - INFO  - Starting EmployeServiceIntegrationTest on FR-L3032818 with PID 46508 (started by johan.campion in C:\Users\johan.campion\IdeaProjects\ipi-java-350-ex)
2019-03-24 18:21:55 - INFO  - No active profile set, falling back to default profiles: default
2019-03-24 18:22:00 - INFO  - Embauche de l'employ√© John Doe dipl√¥m√© de MASTER en tant que MANAGER avec un taux d'activit√© de 0.5 
2019-03-24 18:22:00 - INFO  - Embauche de l'employ√© John Doe dipl√¥m√© de MASTER en tant que MANAGER avec un taux d'activit√© de 0.5 
2019-03-24 18:22:00 - ERROR - L'employ√© de matricule M00001 existe d√©j√† en BDD
2019-03-24 18:22:00 - INFO  - Embauche de l'employ√© John Doe dipl√¥m√© de BTS_IUT en tant que TECHNICIEN avec un taux d'activit√© de 1.0 
2019-03-24 18:22:00 - INFO  - Embauche de l'employ√© John Doe dipl√¥m√© de MASTER en tant que MANAGER avec un taux d'activit√© de 0.5 
2019-03-24 18:22:00 - INFO  - Embauche de l'employ√© John Doe dipl√¥m√© de MASTER en tant que MANAGER avec un taux d'activit√© de 0.5 
2019-03-24 18:22:01 - INFO  - Starting EmployeServiceIntegrationTest on FR-L3032818 with PID 42248 (started by johan.campion in C:\Users\johan.campion\IdeaProjects\ipi-java-350-ex)
2019-03-24 18:22:01 - INFO  - No active profile set, falling back to default profiles: default
2019-03-24 18:22:06 - INFO  - Embauche de l'employ√© John Doe dipl√¥m√© de MASTER en tant que MANAGER avec un taux d'activit√© de 0.5 
2019-03-24 18:22:06 - INFO  - Embauche de l'employ√© John Doe dipl√¥m√© de BTS_IUT en tant que TECHNICIEN avec un taux d'activit√© de 1.0 
2019-03-24 18:22:06 - INFO  - Embauche de l'employ√© John Doe dipl√¥m√© de MASTER en tant que MANAGER avec un taux d'activit√© de 0.5 
2019-03-24 18:22:06 - INFO  - Embauche de l'employ√© John Doe dipl√¥m√© de MASTER en tant que MANAGER avec un taux d'activit√© de 0.5 
2019-03-24 18:22:06 - INFO  - Embauche de l'employ√© John Doe dipl√¥m√© de BTS_IUT en tant que TECHNICIEN avec un taux d'activit√© de 1.0 
2019-03-24 18:22:06 - INFO  - Embauche de l'employ√© John Doe dipl√¥m√© de MASTER en tant que MANAGER avec un taux d'activit√© de 0.5 
2019-03-24 18:22:06 - INFO  - Embauche de l'employ√© John Doe dipl√¥m√© de MASTER en tant que MANAGER avec un taux d'activit√© de 0.5 
2019-03-24 18:22:06 - INFO  - Embauche de l'employ√© John Doe dipl√¥m√© de BTS_IUT en tant que TECHNICIEN avec un taux d'activit√© de 1.0 
2019-03-24 18:22:06 - INFO  - Embauche de l'employ√© John Doe dipl√¥m√© de MASTER en tant que MANAGER avec un taux d'activit√© de 0.5 
2019-03-24 18:22:06 - ERROR - L'employ√© de matricule M00001 existe d√©j√† en BDD
2019-03-24 18:22:06 - INFO  - Embauche de l'employ√© John Doe dipl√¥m√© de MASTER en tant que MANAGER avec un taux d'activit√© de 0.5 
2019-03-24 18:22:07 - INFO  - Starting EmployeServiceIntegrationTest on FR-L3032818 with PID 37908 (started by johan.campion in C:\Users\johan.campion\IdeaProjects\ipi-java-350-ex)
2019-03-24 18:22:07 - INFO  - No active profile set, falling back to default profiles: default
2019-03-24 18:22:13 - INFO  - Starting EmployeServiceIntegrationTest on FR-L3032818 with PID 46672 (started by johan.campion in C:\Users\johan.campion\IdeaProjects\ipi-java-350-ex)
2019-03-24 18:22:13 - INFO  - No active profile set, falling back to default profiles: default
2019-03-24 18:22:19 - INFO  - Starting EmployeServiceIntegrationTest on FR-L3032818 with PID 37076 (started by johan.campion in C:\Users\johan.campion\IdeaProjects\ipi-java-350-ex)
2019-03-24 18:22:19 - INFO  - No active profile set, falling back to default profiles: default
2019-03-24 18:22:25 - INFO  - Starting EmployeServiceIntegrationTest on FR-L3032818 with PID 41976 (started by johan.campion in C:\Users\johan.campion\IdeaProjects\ipi-java-350-ex)
2019-03-24 18:22:25 - INFO  - No active profile set, falling back to default profiles: default
