2019-03-23 15:03:47 - INFO  - Starting EmployeStepDefinitions on FR-L3032818 with PID 42180 (started by johan.campion in C:\Users\johan.campion\IdeaProjects\ipi-java-350-ex)
2019-03-23 15:03:47 - INFO  - No active profile set, falling back to default profiles: default
2019-03-23 15:03:52 - INFO  - Started EmployeStepDefinitions in 4.962 seconds (JVM running for 7.938)
2019-03-23 15:03:52 - INFO  - Embauche de l'employ√© John Doe dipl√¥m√© de CAP en tant que TECHNICIEN avec un taux d'activit√© de 1.0 
2019-03-23 15:03:52 - INFO  - Starting EmployeRepositoryTest on FR-L3032818 with PID 42180 (started by johan.campion in C:\Users\johan.campion\IdeaProjects\ipi-java-350-ex)
2019-03-23 15:03:52 - INFO  - No active profile set, falling back to default profiles: default
2019-03-23 15:03:53 - INFO  - Started EmployeRepositoryTest in 1.134 seconds (JVM running for 9.672)
2019-03-23 15:03:54 - INFO  - Starting EmployeServiceIntegrationTest on FR-L3032818 with PID 42180 (started by johan.campion in C:\Users\johan.campion\IdeaProjects\ipi-java-350-ex)
2019-03-23 15:03:54 - INFO  - No active profile set, falling back to default profiles: default
2019-03-23 15:03:54 - INFO  - Started EmployeServiceIntegrationTest in 0.826 seconds (JVM running for 10.68)
2019-03-23 15:03:54 - INFO  - Embauche de l'employ√© John Doe dipl√¥m√© de BTS_IUT en tant que TECHNICIEN avec un taux d'activit√© de 1.0 
2019-03-23 15:03:55 - INFO  - Embauche de l'employ√© John Doe dipl√¥m√© de MASTER en tant que MANAGER avec un taux d'activit√© de 0.5 
2019-03-23 15:03:55 - INFO  - Embauche de l'employ√© John Doe dipl√¥m√© de MASTER en tant que MANAGER avec un taux d'activit√© de 0.5 
2019-03-23 15:03:55 - ERROR - Limite des 100000 matricules atteinte !
2019-03-23 15:03:55 - INFO  - Embauche de l'employ√© John Doe dipl√¥m√© de MASTER en tant que MANAGER avec un taux d'activit√© de 0.5 
2019-03-23 15:03:55 - INFO  - Embauche de l'employ√© John Doe dipl√¥m√© de BTS_IUT en tant que TECHNICIEN avec un taux d'activit√© de 1.0 
2019-03-23 15:03:55 - INFO  - Embauche de l'employ√© John Doe dipl√¥m√© de MASTER en tant que MANAGER avec un taux d'activit√© de 0.5 
2019-03-23 15:03:55 - ERROR - L'employ√© de matricule M00001 existe d√©j√† en BDD
2019-03-23 15:10:29 - INFO  - Starting EmployeRepositoryTest on FR-L3032818 with PID 36168 (started by johan.campion in C:\Users\johan.campion\IdeaProjects\ipi-java-350-ex)
2019-03-23 15:10:29 - INFO  - No active profile set, falling back to default profiles: default
2019-03-23 15:10:34 - INFO  - Started EmployeRepositoryTest in 5.669 seconds (JVM running for 7.478)
2019-03-23 15:10:35 - INFO  - Starting EmployeServiceIntegrationTest on FR-L3032818 with PID 36168 (started by johan.campion in C:\Users\johan.campion\IdeaProjects\ipi-java-350-ex)
2019-03-23 15:10:35 - INFO  - No active profile set, falling back to default profiles: default
2019-03-23 15:10:36 - INFO  - Started EmployeServiceIntegrationTest in 1.702 seconds (JVM running for 9.62)
2019-03-23 15:10:36 - INFO  - Embauche de l'employÈ John Doe diplÙmÈ de BTS_IUT en tant que TECHNICIEN avec un taux d'activitÈ de 1.0 
2019-03-23 15:10:37 - INFO  - Embauche de l'employÈ John Doe diplÙmÈ de MASTER en tant que MANAGER avec un taux d'activitÈ de 0.5 
2019-03-23 15:10:37 - INFO  - Embauche de l'employÈ John Doe diplÙmÈ de MASTER en tant que MANAGER avec un taux d'activitÈ de 0.5 
2019-03-23 15:10:37 - ERROR - Limite des 100000 matricules atteinte !
2019-03-23 15:10:37 - INFO  - Embauche de l'employÈ John Doe diplÙmÈ de MASTER en tant que MANAGER avec un taux d'activitÈ de 0.5 
2019-03-23 15:10:37 - INFO  - Embauche de l'employÈ John Doe diplÙmÈ de BTS_IUT en tant que TECHNICIEN avec un taux d'activitÈ de 1.0 
2019-03-23 15:10:37 - INFO  - Embauche de l'employÈ John Doe diplÙmÈ de MASTER en tant que MANAGER avec un taux d'activitÈ de 0.5 
2019-03-23 15:10:37 - ERROR - L'employÈ de matricule M00001 existe dÈj‡ en BDD
2019-03-23 15:10:49 - INFO  - Starting EmployeRepositoryTest on FR-L3032818 with PID 45736 (started by johan.campion in C:\Users\johan.campion\IdeaProjects\ipi-java-350-ex)
2019-03-23 15:10:49 - INFO  - No active profile set, falling back to default profiles: default
2019-03-23 15:10:54 - INFO  - Started EmployeRepositoryTest in 5.878 seconds (JVM running for 8.504)
2019-03-23 15:10:55 - INFO  - Starting EmployeServiceIntegrationTest on FR-L3032818 with PID 45736 (started by johan.campion in C:\Users\johan.campion\IdeaProjects\ipi-java-350-ex)
2019-03-23 15:10:55 - INFO  - No active profile set, falling back to default profiles: default
2019-03-23 15:10:56 - INFO  - Started EmployeServiceIntegrationTest in 1.583 seconds (JVM running for 10.457)
2019-03-23 15:10:56 - INFO  - Embauche de l'employ√© John Doe dipl√¥m√© de BTS_IUT en tant que TECHNICIEN avec un taux d'activit√© de 1.0 
2019-03-23 15:10:57 - INFO  - Embauche de l'employ√© John Doe dipl√¥m√© de MASTER en tant que MANAGER avec un taux d'activit√© de 0.5 
2019-03-23 15:10:57 - INFO  - Embauche de l'employ√© John Doe dipl√¥m√© de MASTER en tant que MANAGER avec un taux d'activit√© de 0.5 
2019-03-23 15:10:57 - ERROR - Limite des 100000 matricules atteinte !
2019-03-23 15:10:57 - INFO  - Embauche de l'employ√© John Doe dipl√¥m√© de MASTER en tant que MANAGER avec un taux d'activit√© de 0.5 
2019-03-23 15:10:57 - ERROR - L'employ√© de matricule M00001 existe d√©j√† en BDD
2019-03-23 15:10:57 - INFO  - Embauche de l'employ√© John Doe dipl√¥m√© de MASTER en tant que MANAGER avec un taux d'activit√© de 0.5 
2019-03-23 15:10:57 - INFO  - Embauche de l'employ√© John Doe dipl√¥m√© de BTS_IUT en tant que TECHNICIEN avec un taux d'activit√© de 1.0 
2019-03-23 15:11:00 - INFO  - Embauche de l'employ√© John Doe dipl√¥m√© de BTS_IUT en tant que TECHNICIEN avec un taux d'activit√© de 1.0 
2019-03-23 15:11:01 - INFO  - Starting EmployeRepositoryTest on FR-L3032818 with PID 36672 (started by johan.campion in C:\Users\johan.campion\IdeaProjects\ipi-java-350-ex)
2019-03-23 15:11:01 - INFO  - No active profile set, falling back to default profiles: default
2019-03-23 15:11:07 - INFO  - Embauche de l'employ√© John Doe dipl√¥m√© de MASTER en tant que MANAGER avec un taux d'activit√© de 0.5 
2019-03-23 15:11:07 - INFO  - Embauche de l'employ√© John Doe dipl√¥m√© de BTS_IUT en tant que TECHNICIEN avec un taux d'activit√© de 1.0 
2019-03-23 15:11:07 - INFO  - Embauche de l'employ√© John Doe dipl√¥m√© de BTS_IUT en tant que TECHNICIEN avec un taux d'activit√© de 1.0 
2019-03-23 15:11:07 - INFO  - Embauche de l'employ√© John Doe dipl√¥m√© de BTS_IUT en tant que TECHNICIEN avec un taux d'activit√© de 1.0 
2019-03-23 15:11:10 - INFO  - Embauche de l'employ√© John Doe dipl√¥m√© de MASTER en tant que MANAGER avec un taux d'activit√© de 0.5 
2019-03-23 15:11:10 - INFO  - Embauche de l'employ√© John Doe dipl√¥m√© de BTS_IUT en tant que TECHNICIEN avec un taux d'activit√© de 1.0 
2019-03-23 15:11:10 - INFO  - Embauche de l'employ√© John Doe dipl√¥m√© de MASTER en tant que MANAGER avec un taux d'activit√© de 0.5 
2019-03-23 15:11:10 - INFO  - Embauche de l'employ√© John Doe dipl√¥m√© de MASTER en tant que MANAGER avec un taux d'activit√© de 0.5 
2019-03-23 15:11:10 - ERROR - Limite des 100000 matricules atteinte !
2019-03-23 15:11:10 - INFO  - Embauche de l'employ√© John Doe dipl√¥m√© de MASTER en tant que MANAGER avec un taux d'activit√© de 0.5 
2019-03-23 15:11:10 - INFO  - Embauche de l'employ√© John Doe dipl√¥m√© de BTS_IUT en tant que TECHNICIEN avec un taux d'activit√© de 1.0 
2019-03-23 15:11:11 - INFO  - Embauche de l'employ√© John Doe dipl√¥m√© de MASTER en tant que MANAGER avec un taux d'activit√© de 0.5 
2019-03-23 15:11:11 - INFO  - Embauche de l'employ√© John Doe dipl√¥m√© de MASTER en tant que MANAGER avec un taux d'activit√© de 0.5 
2019-03-23 15:11:11 - INFO  - Embauche de l'employ√© John Doe dipl√¥m√© de MASTER en tant que MANAGER avec un taux d'activit√© de 0.5 
2019-03-23 15:11:11 - INFO  - Embauche de l'employ√© John Doe dipl√¥m√© de MASTER en tant que MANAGER avec un taux d'activit√© de 0.5 
2019-03-23 15:11:11 - INFO  - Embauche de l'employ√© John Doe dipl√¥m√© de BTS_IUT en tant que TECHNICIEN avec un taux d'activit√© de 1.0 
2019-03-23 15:11:11 - INFO  - Embauche de l'employ√© John Doe dipl√¥m√© de MASTER en tant que MANAGER avec un taux d'activit√© de 0.5 
2019-03-23 15:11:11 - INFO  - Embauche de l'employ√© John Doe dipl√¥m√© de MASTER en tant que MANAGER avec un taux d'activit√© de 0.5 
2019-03-23 15:11:11 - INFO  - Embauche de l'employ√© John Doe dipl√¥m√© de BTS_IUT en tant que TECHNICIEN avec un taux d'activit√© de 1.0 
2019-03-23 15:11:11 - INFO  - Embauche de l'employ√© John Doe dipl√¥m√© de MASTER en tant que MANAGER avec un taux d'activit√© de 0.5 
2019-03-23 15:11:11 - INFO  - Embauche de l'employ√© John Doe dipl√¥m√© de MASTER en tant que MANAGER avec un taux d'activit√© de 0.5 
2019-03-23 15:11:11 - INFO  - Embauche de l'employ√© John Doe dipl√¥m√© de BTS_IUT en tant que TECHNICIEN avec un taux d'activit√© de 1.0 
2019-03-23 15:11:11 - INFO  - Embauche de l'employ√© John Doe dipl√¥m√© de MASTER en tant que MANAGER avec un taux d'activit√© de 0.5 
2019-03-23 15:11:11 - ERROR - L'employ√© de matricule M00001 existe d√©j√† en BDD
2019-03-23 15:11:11 - INFO  - Embauche de l'employ√© John Doe dipl√¥m√© de MASTER en tant que MANAGER avec un taux d'activit√© de 0.5 
2019-03-23 16:49:19 - INFO  - Starting EmployeServiceIntegrationTest on FR-L3032818 with PID 42220 (started by johan.campion in C:\Users\johan.campion\IdeaProjects\ipi-java-350-ex)
2019-03-23 16:49:19 - INFO  - No active profile set, falling back to default profiles: default
2019-03-23 16:49:25 - INFO  - Started EmployeServiceIntegrationTest in 6.028 seconds (JVM running for 8.535)
2019-03-23 16:49:25 - INFO  - Embauche de l'employ√© John Doe dipl√¥m√© de BTS_IUT en tant que TECHNICIEN avec un taux d'activit√© de 1.0 
2019-03-23 17:45:07 - INFO  - Starting EmployeRepositoryTest on FR-L3032818 with PID 28688 (started by johan.campion in C:\Users\johan.campion\IdeaProjects\ipi-java-350-ex)
2019-03-23 17:45:07 - INFO  - No active profile set, falling back to default profiles: default
2019-03-23 17:45:13 - INFO  - Started EmployeRepositoryTest in 5.603 seconds (JVM running for 7.753)
2019-03-23 17:45:13 - INFO  - Starting EmployeServiceIntegrationTest on FR-L3032818 with PID 28688 (started by johan.campion in C:\Users\johan.campion\IdeaProjects\ipi-java-350-ex)
2019-03-23 17:45:13 - INFO  - No active profile set, falling back to default profiles: default
2019-03-23 17:45:14 - INFO  - Started EmployeServiceIntegrationTest in 1.192 seconds (JVM running for 9.27)
2019-03-23 17:45:14 - INFO  - Embauche de l'employÈ John Doe diplÙmÈ de BTS_IUT en tant que TECHNICIEN avec un taux d'activitÈ de 1.0 
2019-03-23 17:45:15 - INFO  - Embauche de l'employÈ John Doe diplÙmÈ de MASTER en tant que MANAGER avec un taux d'activitÈ de 0.5 
2019-03-23 17:45:15 - INFO  - Embauche de l'employÈ John Doe diplÙmÈ de MASTER en tant que MANAGER avec un taux d'activitÈ de 0.5 
2019-03-23 17:45:15 - ERROR - Limite des 100000 matricules atteinte !
2019-03-23 17:45:15 - INFO  - Embauche de l'employÈ John Doe diplÙmÈ de MASTER en tant que MANAGER avec un taux d'activitÈ de 0.5 
2019-03-23 17:45:15 - INFO  - Embauche de l'employÈ John Doe diplÙmÈ de BTS_IUT en tant que TECHNICIEN avec un taux d'activitÈ de 1.0 
2019-03-23 17:45:15 - INFO  - Embauche de l'employÈ John Doe diplÙmÈ de MASTER en tant que MANAGER avec un taux d'activitÈ de 0.5 
2019-03-23 17:45:15 - ERROR - L'employÈ de matricule M00001 existe dÈj‡ en BDD
2019-03-23 17:45:22 - INFO  - Starting EmployeRepositoryTest on FR-L3032818 with PID 46472 (started by johan.campion in C:\Users\johan.campion\IdeaProjects\ipi-java-350-ex)
2019-03-23 17:45:22 - INFO  - No active profile set, falling back to default profiles: default
2019-03-23 17:45:28 - INFO  - Started EmployeRepositoryTest in 5.869 seconds (JVM running for 8.388)
2019-03-23 17:45:28 - INFO  - Starting EmployeServiceIntegrationTest on FR-L3032818 with PID 46472 (started by johan.campion in C:\Users\johan.campion\IdeaProjects\ipi-java-350-ex)
2019-03-23 17:45:28 - INFO  - No active profile set, falling back to default profiles: default
2019-03-23 17:45:29 - INFO  - Started EmployeServiceIntegrationTest in 1.483 seconds (JVM running for 10.235)
2019-03-23 17:45:29 - INFO  - Embauche de l'employ√© John Doe dipl√¥m√© de BTS_IUT en tant que TECHNICIEN avec un taux d'activit√© de 1.0 
2019-03-23 17:45:30 - INFO  - Embauche de l'employ√© John Doe dipl√¥m√© de MASTER en tant que MANAGER avec un taux d'activit√© de 0.5 
2019-03-23 17:45:30 - INFO  - Embauche de l'employ√© John Doe dipl√¥m√© de MASTER en tant que MANAGER avec un taux d'activit√© de 0.5 
2019-03-23 17:45:30 - ERROR - Limite des 100000 matricules atteinte !
2019-03-23 17:45:30 - INFO  - Embauche de l'employ√© John Doe dipl√¥m√© de MASTER en tant que MANAGER avec un taux d'activit√© de 0.5 
2019-03-23 17:45:30 - ERROR - L'employ√© de matricule M00001 existe d√©j√† en BDD
2019-03-23 17:45:30 - INFO  - Embauche de l'employ√© John Doe dipl√¥m√© de MASTER en tant que MANAGER avec un taux d'activit√© de 0.5 
2019-03-23 17:45:30 - INFO  - Embauche de l'employ√© John Doe dipl√¥m√© de BTS_IUT en tant que TECHNICIEN avec un taux d'activit√© de 1.0 
2019-03-23 17:45:33 - INFO  - Embauche de l'employ√© John Doe dipl√¥m√© de BTS_IUT en tant que TECHNICIEN avec un taux d'activit√© de 1.0 
2019-03-23 17:45:34 - INFO  - Starting EmployeRepositoryTest on FR-L3032818 with PID 38968 (started by johan.campion in C:\Users\johan.campion\IdeaProjects\ipi-java-350-ex)
2019-03-23 17:45:34 - INFO  - No active profile set, falling back to default profiles: default
2019-03-23 17:45:40 - INFO  - Embauche de l'employ√© John Doe dipl√¥m√© de MASTER en tant que MANAGER avec un taux d'activit√© de 0.5 
2019-03-23 17:45:40 - INFO  - Embauche de l'employ√© John Doe dipl√¥m√© de BTS_IUT en tant que TECHNICIEN avec un taux d'activit√© de 1.0 
2019-03-23 17:45:40 - INFO  - Embauche de l'employ√© John Doe dipl√¥m√© de BTS_IUT en tant que TECHNICIEN avec un taux d'activit√© de 1.0 
2019-03-23 17:45:41 - INFO  - Embauche de l'employ√© John Doe dipl√¥m√© de BTS_IUT en tant que TECHNICIEN avec un taux d'activit√© de 1.0 
2019-03-23 17:45:43 - INFO  - Embauche de l'employ√© John Doe dipl√¥m√© de MASTER en tant que MANAGER avec un taux d'activit√© de 0.5 
2019-03-23 17:45:43 - INFO  - Embauche de l'employ√© John Doe dipl√¥m√© de BTS_IUT en tant que TECHNICIEN avec un taux d'activit√© de 1.0 
2019-03-23 17:45:44 - INFO  - Embauche de l'employ√© John Doe dipl√¥m√© de MASTER en tant que MANAGER avec un taux d'activit√© de 0.5 
2019-03-23 17:45:44 - INFO  - Embauche de l'employ√© John Doe dipl√¥m√© de MASTER en tant que MANAGER avec un taux d'activit√© de 0.5 
2019-03-23 17:45:44 - ERROR - Limite des 100000 matricules atteinte !
2019-03-23 17:45:44 - INFO  - Embauche de l'employ√© John Doe dipl√¥m√© de MASTER en tant que MANAGER avec un taux d'activit√© de 0.5 
2019-03-23 17:45:44 - INFO  - Embauche de l'employ√© John Doe dipl√¥m√© de BTS_IUT en tant que TECHNICIEN avec un taux d'activit√© de 1.0 
2019-03-23 17:45:44 - INFO  - Embauche de l'employ√© John Doe dipl√¥m√© de MASTER en tant que MANAGER avec un taux d'activit√© de 0.5 
2019-03-23 17:45:45 - INFO  - Embauche de l'employ√© John Doe dipl√¥m√© de MASTER en tant que MANAGER avec un taux d'activit√© de 0.5 
2019-03-23 17:45:45 - ERROR - L'employ√© de matricule M00001 existe d√©j√† en BDD
2019-03-23 17:45:45 - INFO  - Embauche de l'employ√© John Doe dipl√¥m√© de MASTER en tant que MANAGER avec un taux d'activit√© de 0.5 
2019-03-23 17:45:45 - INFO  - Embauche de l'employ√© John Doe dipl√¥m√© de BTS_IUT en tant que TECHNICIEN avec un taux d'activit√© de 1.0 
2019-03-23 17:45:45 - INFO  - Embauche de l'employ√© John Doe dipl√¥m√© de MASTER en tant que MANAGER avec un taux d'activit√© de 0.5 
2019-03-23 17:45:45 - INFO  - Embauche de l'employ√© John Doe dipl√¥m√© de MASTER en tant que MANAGER avec un taux d'activit√© de 0.5 
2019-03-23 17:45:45 - INFO  - Embauche de l'employ√© John Doe dipl√¥m√© de BTS_IUT en tant que TECHNICIEN avec un taux d'activit√© de 1.0 
2019-03-23 17:45:45 - INFO  - Embauche de l'employ√© John Doe dipl√¥m√© de MASTER en tant que MANAGER avec un taux d'activit√© de 0.5 
2019-03-23 17:45:45 - INFO  - Embauche de l'employ√© John Doe dipl√¥m√© de MASTER en tant que MANAGER avec un taux d'activit√© de 0.5 
2019-03-23 17:45:45 - INFO  - Embauche de l'employ√© John Doe dipl√¥m√© de BTS_IUT en tant que TECHNICIEN avec un taux d'activit√© de 1.0 
2019-03-23 17:45:45 - INFO  - Embauche de l'employ√© John Doe dipl√¥m√© de MASTER en tant que MANAGER avec un taux d'activit√© de 0.5 
2019-03-23 17:45:45 - INFO  - Embauche de l'employ√© John Doe dipl√¥m√© de MASTER en tant que MANAGER avec un taux d'activit√© de 0.5 
2019-03-23 17:45:45 - INFO  - Embauche de l'employ√© John Doe dipl√¥m√© de BTS_IUT en tant que TECHNICIEN avec un taux d'activit√© de 1.0 
2019-03-23 17:45:45 - INFO  - Embauche de l'employ√© John Doe dipl√¥m√© de MASTER en tant que MANAGER avec un taux d'activit√© de 0.5 
2019-03-23 17:45:45 - INFO  - Embauche de l'employ√© John Doe dipl√¥m√© de MASTER en tant que MANAGER avec un taux d'activit√© de 0.5 
