2019-03-22 15:15:32 - INFO  - Starting EmployeStepDefinitions on FR-L3032818 with PID 21600 (started by johan.campion in C:\Users\johan.campion\IdeaProjects\ipi-java-350-ex)
2019-03-22 15:15:32 - INFO  - No active profile set, falling back to default profiles: default
2019-03-22 15:15:37 - INFO  - Started EmployeStepDefinitions in 5.192 seconds (JVM running for 7.913)
2019-03-22 15:15:37 - INFO  - Embauche de l'employé John Doe diplômé de CAP en tant que TECHNICIEN avec un taux d'activité de 1.0 
2019-03-22 15:15:38 - INFO  - Starting EmployeRepositoryTest on FR-L3032818 with PID 21600 (started by johan.campion in C:\Users\johan.campion\IdeaProjects\ipi-java-350-ex)
2019-03-22 15:15:38 - INFO  - No active profile set, falling back to default profiles: default
2019-03-22 15:15:38 - INFO  - Started EmployeRepositoryTest in 0.82 seconds (JVM running for 9.33)
2019-03-22 15:15:39 - INFO  - Starting EmployeServiceIntegrationTest on FR-L3032818 with PID 21600 (started by johan.campion in C:\Users\johan.campion\IdeaProjects\ipi-java-350-ex)
2019-03-22 15:15:39 - INFO  - No active profile set, falling back to default profiles: default
2019-03-22 15:15:39 - INFO  - Started EmployeServiceIntegrationTest in 0.851 seconds (JVM running for 10.394)
2019-03-22 15:15:39 - INFO  - Embauche de l'employé John Doe diplômé de BTS_IUT en tant que TECHNICIEN avec un taux d'activité de 1.0 
2019-03-22 15:15:40 - INFO  - Embauche de l'employé John Doe diplômé de MASTER en tant que MANAGER avec un taux d'activité de 0.5 
2019-03-22 15:15:40 - INFO  - Embauche de l'employé John Doe diplômé de MASTER en tant que MANAGER avec un taux d'activité de 0.5 
2019-03-22 15:15:40 - ERROR - Limite des 100000 matricules atteinte !
2019-03-22 15:15:40 - INFO  - Embauche de l'employé John Doe diplômé de MASTER en tant que MANAGER avec un taux d'activité de 0.5 
2019-03-22 15:15:40 - INFO  - Embauche de l'employé John Doe diplômé de BTS_IUT en tant que TECHNICIEN avec un taux d'activité de 1.0 
2019-03-22 15:15:40 - INFO  - Embauche de l'employé John Doe diplômé de MASTER en tant que MANAGER avec un taux d'activité de 0.5 
2019-03-22 15:15:40 - ERROR - L'employé de matricule M00001 existe déjà en BDD
2019-03-22 15:17:41 - INFO  - Starting EmployeStepDefinitions on FR-L3032818 with PID 41108 (started by johan.campion in C:\Users\johan.campion\IdeaProjects\ipi-java-350-ex)
2019-03-22 15:17:41 - INFO  - No active profile set, falling back to default profiles: default
2019-03-22 15:17:46 - INFO  - Started EmployeStepDefinitions in 4.746 seconds (JVM running for 7.405)
2019-03-22 15:17:46 - INFO  - Embauche de l'employé John Doe diplômé de CAP en tant que TECHNICIEN avec un taux d'activité de 1.0 
2019-03-22 15:17:47 - INFO  - Starting EmployeRepositoryTest on FR-L3032818 with PID 41108 (started by johan.campion in C:\Users\johan.campion\IdeaProjects\ipi-java-350-ex)
2019-03-22 15:17:47 - INFO  - No active profile set, falling back to default profiles: default
2019-03-22 15:17:47 - INFO  - Started EmployeRepositoryTest in 0.824 seconds (JVM running for 8.782)
2019-03-22 15:17:48 - INFO  - Starting EmployeServiceIntegrationTest on FR-L3032818 with PID 41108 (started by johan.campion in C:\Users\johan.campion\IdeaProjects\ipi-java-350-ex)
2019-03-22 15:17:48 - INFO  - No active profile set, falling back to default profiles: default
2019-03-22 15:17:48 - INFO  - Started EmployeServiceIntegrationTest in 0.8 seconds (JVM running for 9.767)
2019-03-22 15:17:48 - INFO  - Embauche de l'employé John Doe diplômé de BTS_IUT en tant que TECHNICIEN avec un taux d'activité de 1.0 
2019-03-22 15:17:49 - INFO  - Embauche de l'employé John Doe diplômé de MASTER en tant que MANAGER avec un taux d'activité de 0.5 
2019-03-22 15:17:49 - INFO  - Embauche de l'employé John Doe diplômé de MASTER en tant que MANAGER avec un taux d'activité de 0.5 
2019-03-22 15:17:49 - ERROR - Limite des 100000 matricules atteinte !
2019-03-22 15:17:49 - INFO  - Embauche de l'employé John Doe diplômé de MASTER en tant que MANAGER avec un taux d'activité de 0.5 
2019-03-22 15:17:49 - INFO  - Embauche de l'employé John Doe diplômé de BTS_IUT en tant que TECHNICIEN avec un taux d'activité de 1.0 
2019-03-22 15:17:49 - INFO  - Embauche de l'employé John Doe diplômé de MASTER en tant que MANAGER avec un taux d'activité de 0.5 
2019-03-22 15:17:49 - ERROR - L'employé de matricule M00001 existe déjà en BDD
2019-03-22 16:05:09 - INFO  - Starting EmployeStepDefinitions on FR-L3032818 with PID 40052 (started by johan.campion in C:\Users\johan.campion\IdeaProjects\ipi-java-350-ex)
2019-03-22 16:05:09 - INFO  - No active profile set, falling back to default profiles: default
2019-03-22 16:05:15 - INFO  - Started EmployeStepDefinitions in 5.635 seconds (JVM running for 8.698)
2019-03-22 16:05:15 - INFO  - Embauche de l'employé John Doe diplômé de CAP en tant que TECHNICIEN avec un taux d'activité de 1.0 
2019-03-22 16:05:15 - INFO  - Starting EmployeRepositoryTest on FR-L3032818 with PID 40052 (started by johan.campion in C:\Users\johan.campion\IdeaProjects\ipi-java-350-ex)
2019-03-22 16:05:15 - INFO  - No active profile set, falling back to default profiles: default
2019-03-22 16:05:16 - INFO  - Started EmployeRepositoryTest in 0.874 seconds (JVM running for 10.243)
2019-03-22 16:05:16 - INFO  - Starting EmployeServiceIntegrationTest on FR-L3032818 with PID 40052 (started by johan.campion in C:\Users\johan.campion\IdeaProjects\ipi-java-350-ex)
2019-03-22 16:05:16 - INFO  - No active profile set, falling back to default profiles: default
2019-03-22 16:05:17 - INFO  - Started EmployeServiceIntegrationTest in 0.934 seconds (JVM running for 11.377)
2019-03-22 16:05:17 - INFO  - Embauche de l'employé John Doe diplômé de BTS_IUT en tant que TECHNICIEN avec un taux d'activité de 1.0 
2019-03-22 16:05:17 - INFO  - Embauche de l'employé John Doe diplômé de MASTER en tant que MANAGER avec un taux d'activité de 0.5 
2019-03-22 16:05:18 - INFO  - Embauche de l'employé John Doe diplômé de MASTER en tant que MANAGER avec un taux d'activité de 0.5 
2019-03-22 16:05:18 - ERROR - Limite des 100000 matricules atteinte !
2019-03-22 16:05:18 - INFO  - Embauche de l'employé John Doe diplômé de MASTER en tant que MANAGER avec un taux d'activité de 0.5 
2019-03-22 16:05:18 - INFO  - Embauche de l'employé John Doe diplômé de BTS_IUT en tant que TECHNICIEN avec un taux d'activité de 1.0 
2019-03-22 16:05:18 - INFO  - Embauche de l'employé John Doe diplômé de MASTER en tant que MANAGER avec un taux d'activité de 0.5 
2019-03-22 16:05:18 - ERROR - L'employé de matricule M00001 existe déjà en BDD
2019-03-22 16:16:37 - INFO  - Starting EmployeStepDefinitions on FR-L3032818 with PID 16252 (started by johan.campion in C:\Users\johan.campion\IdeaProjects\ipi-java-350-ex)
2019-03-22 16:16:37 - INFO  - No active profile set, falling back to default profiles: default
2019-03-22 16:16:43 - INFO  - Started EmployeStepDefinitions in 5.994 seconds (JVM running for 8.893)
2019-03-22 16:16:43 - INFO  - Embauche de l'employé John Doe diplômé de CAP en tant que TECHNICIEN avec un taux d'activité de 1.0 
2019-03-22 16:16:43 - INFO  - Starting EmployeRepositoryTest on FR-L3032818 with PID 16252 (started by johan.campion in C:\Users\johan.campion\IdeaProjects\ipi-java-350-ex)
2019-03-22 16:16:43 - INFO  - No active profile set, falling back to default profiles: default
2019-03-22 16:16:44 - INFO  - Started EmployeRepositoryTest in 0.842 seconds (JVM running for 10.339)
2019-03-22 16:16:44 - INFO  - Starting EmployeServiceIntegrationTest on FR-L3032818 with PID 16252 (started by johan.campion in C:\Users\johan.campion\IdeaProjects\ipi-java-350-ex)
2019-03-22 16:16:44 - INFO  - No active profile set, falling back to default profiles: default
2019-03-22 16:16:45 - INFO  - Started EmployeServiceIntegrationTest in 1.037 seconds (JVM running for 11.575)
2019-03-22 16:16:45 - INFO  - Embauche de l'employé John Doe diplômé de BTS_IUT en tant que TECHNICIEN avec un taux d'activité de 1.0 
2019-03-22 16:16:46 - INFO  - Embauche de l'employé John Doe diplômé de MASTER en tant que MANAGER avec un taux d'activité de 0.5 
2019-03-22 16:16:46 - INFO  - Embauche de l'employé John Doe diplômé de MASTER en tant que MANAGER avec un taux d'activité de 0.5 
2019-03-22 16:16:46 - ERROR - Limite des 100000 matricules atteinte !
2019-03-22 16:16:46 - INFO  - Embauche de l'employé John Doe diplômé de MASTER en tant que MANAGER avec un taux d'activité de 0.5 
2019-03-22 16:16:46 - INFO  - Embauche de l'employé John Doe diplômé de BTS_IUT en tant que TECHNICIEN avec un taux d'activité de 1.0 
2019-03-22 16:16:46 - INFO  - Embauche de l'employé John Doe diplômé de MASTER en tant que MANAGER avec un taux d'activité de 0.5 
2019-03-22 16:16:46 - ERROR - L'employé de matricule M00001 existe déjà en BDD
2019-03-22 16:19:15 - INFO  - Starting EmployeStepDefinitions on FR-L3032818 with PID 27644 (started by johan.campion in C:\Users\johan.campion\IdeaProjects\ipi-java-350-ex)
2019-03-22 16:19:15 - INFO  - No active profile set, falling back to default profiles: default
2019-03-22 16:19:20 - INFO  - Started EmployeStepDefinitions in 5.275 seconds (JVM running for 8.115)
2019-03-22 16:19:20 - INFO  - Embauche de l'employé John Doe diplômé de CAP en tant que TECHNICIEN avec un taux d'activité de 1.0 
2019-03-22 16:19:20 - INFO  - Starting EmployeRepositoryTest on FR-L3032818 with PID 27644 (started by johan.campion in C:\Users\johan.campion\IdeaProjects\ipi-java-350-ex)
2019-03-22 16:19:20 - INFO  - No active profile set, falling back to default profiles: default
2019-03-22 16:19:21 - INFO  - Started EmployeRepositoryTest in 0.85 seconds (JVM running for 9.541)
2019-03-22 16:19:21 - INFO  - Starting EmployeServiceIntegrationTest on FR-L3032818 with PID 27644 (started by johan.campion in C:\Users\johan.campion\IdeaProjects\ipi-java-350-ex)
2019-03-22 16:19:21 - INFO  - No active profile set, falling back to default profiles: default
2019-03-22 16:19:22 - INFO  - Started EmployeServiceIntegrationTest in 0.877 seconds (JVM running for 10.584)
2019-03-22 16:19:22 - INFO  - Embauche de l'employé John Doe diplômé de BTS_IUT en tant que TECHNICIEN avec un taux d'activité de 1.0 
2019-03-22 16:19:22 - INFO  - Embauche de l'employé John Doe diplômé de MASTER en tant que MANAGER avec un taux d'activité de 0.5 
2019-03-22 16:19:22 - INFO  - Embauche de l'employé John Doe diplômé de MASTER en tant que MANAGER avec un taux d'activité de 0.5 
2019-03-22 16:19:22 - ERROR - Limite des 100000 matricules atteinte !
2019-03-22 16:19:22 - INFO  - Embauche de l'employé John Doe diplômé de MASTER en tant que MANAGER avec un taux d'activité de 0.5 
2019-03-22 16:19:22 - INFO  - Embauche de l'employé John Doe diplômé de BTS_IUT en tant que TECHNICIEN avec un taux d'activité de 1.0 
2019-03-22 16:19:22 - INFO  - Embauche de l'employé John Doe diplômé de MASTER en tant que MANAGER avec un taux d'activité de 0.5 
2019-03-22 16:19:22 - ERROR - L'employé de matricule M00001 existe déjà en BDD
2019-03-22 16:19:34 - INFO  - Starting EmployeStepDefinitions on FR-L3032818 with PID 29340 (started by johan.campion in C:\Users\johan.campion\IdeaProjects\ipi-java-350-ex)
2019-03-22 16:19:34 - INFO  - No active profile set, falling back to default profiles: default
2019-03-22 16:19:41 - INFO  - Started EmployeStepDefinitions in 7.127 seconds (JVM running for 10.463)
2019-03-22 16:19:41 - INFO  - Embauche de l'employé John Doe diplômé de CAP en tant que TECHNICIEN avec un taux d'activité de 1.0 
2019-03-22 16:19:42 - INFO  - Starting EmployeRepositoryTest on FR-L3032818 with PID 29340 (started by johan.campion in C:\Users\johan.campion\IdeaProjects\ipi-java-350-ex)
2019-03-22 16:19:42 - INFO  - No active profile set, falling back to default profiles: default
2019-03-22 16:19:43 - INFO  - Started EmployeRepositoryTest in 0.995 seconds (JVM running for 12.176)
2019-03-22 16:19:43 - INFO  - Starting EmployeServiceIntegrationTest on FR-L3032818 with PID 29340 (started by johan.campion in C:\Users\johan.campion\IdeaProjects\ipi-java-350-ex)
2019-03-22 16:19:43 - INFO  - No active profile set, falling back to default profiles: default
2019-03-22 16:19:44 - INFO  - Started EmployeServiceIntegrationTest in 1.117 seconds (JVM running for 13.494)
2019-03-22 16:19:44 - INFO  - Embauche de l'employé John Doe diplômé de BTS_IUT en tant que TECHNICIEN avec un taux d'activité de 1.0 
2019-03-22 16:19:44 - INFO  - Embauche de l'employé John Doe diplômé de MASTER en tant que MANAGER avec un taux d'activité de 0.5 
2019-03-22 16:19:44 - INFO  - Embauche de l'employé John Doe diplômé de MASTER en tant que MANAGER avec un taux d'activité de 0.5 
2019-03-22 16:19:44 - ERROR - Limite des 100000 matricules atteinte !
2019-03-22 16:19:44 - INFO  - Embauche de l'employé John Doe diplômé de MASTER en tant que MANAGER avec un taux d'activité de 0.5 
2019-03-22 16:19:44 - INFO  - Embauche de l'employé John Doe diplômé de BTS_IUT en tant que TECHNICIEN avec un taux d'activité de 1.0 
2019-03-22 16:19:44 - INFO  - Embauche de l'employé John Doe diplômé de MASTER en tant que MANAGER avec un taux d'activité de 0.5 
2019-03-22 16:19:44 - ERROR - L'employé de matricule M00001 existe déjà en BDD
2019-03-22 16:30:13 - INFO  - Starting EmployeStepDefinitions on FR-L3032818 with PID 19624 (started by johan.campion in C:\Users\johan.campion\IdeaProjects\ipi-java-350-ex)
2019-03-22 16:30:13 - INFO  - No active profile set, falling back to default profiles: default
2019-03-22 16:30:18 - INFO  - Started EmployeStepDefinitions in 5.563 seconds (JVM running for 8.863)
2019-03-22 16:30:18 - INFO  - Embauche de l'employé John Doe diplômé de CAP en tant que TECHNICIEN avec un taux d'activité de 1.0 
2019-03-22 16:30:19 - INFO  - Starting EmployeRepositoryTest on FR-L3032818 with PID 19624 (started by johan.campion in C:\Users\johan.campion\IdeaProjects\ipi-java-350-ex)
2019-03-22 16:30:19 - INFO  - No active profile set, falling back to default profiles: default
2019-03-22 16:30:20 - INFO  - Started EmployeRepositoryTest in 0.836 seconds (JVM running for 10.261)
2019-03-22 16:30:20 - INFO  - Starting EmployeServiceIntegrationTest on FR-L3032818 with PID 19624 (started by johan.campion in C:\Users\johan.campion\IdeaProjects\ipi-java-350-ex)
2019-03-22 16:30:20 - INFO  - No active profile set, falling back to default profiles: default
2019-03-22 16:30:21 - INFO  - Started EmployeServiceIntegrationTest in 0.93 seconds (JVM running for 11.391)
2019-03-22 16:30:21 - INFO  - Embauche de l'employé John Doe diplômé de BTS_IUT en tant que TECHNICIEN avec un taux d'activité de 1.0 
2019-03-22 16:30:21 - INFO  - Embauche de l'employé John Doe diplômé de MASTER en tant que MANAGER avec un taux d'activité de 0.5 
2019-03-22 16:30:21 - INFO  - Embauche de l'employé John Doe diplômé de MASTER en tant que MANAGER avec un taux d'activité de 0.5 
2019-03-22 16:30:21 - ERROR - Limite des 100000 matricules atteinte !
2019-03-22 16:30:21 - INFO  - Embauche de l'employé John Doe diplômé de MASTER en tant que MANAGER avec un taux d'activité de 0.5 
2019-03-22 16:30:21 - INFO  - Embauche de l'employé John Doe diplômé de BTS_IUT en tant que TECHNICIEN avec un taux d'activité de 1.0 
2019-03-22 16:30:21 - INFO  - Embauche de l'employé John Doe diplômé de MASTER en tant que MANAGER avec un taux d'activité de 0.5 
2019-03-22 16:30:21 - ERROR - L'employé de matricule M00001 existe déjà en BDD
2019-03-22 16:56:55 - INFO  - Starting EmployeStepDefinitions on FR-L3032818 with PID 20764 (started by johan.campion in C:\Users\johan.campion\IdeaProjects\ipi-java-350-ex)
2019-03-22 16:56:55 - INFO  - No active profile set, falling back to default profiles: default
2019-03-22 16:57:01 - INFO  - Started EmployeStepDefinitions in 6.024 seconds (JVM running for 9.26)
2019-03-22 16:57:01 - INFO  - Embauche de l'employé John Doe diplômé de CAP en tant que TECHNICIEN avec un taux d'activité de 1.0 
2019-03-22 16:57:02 - INFO  - Starting EmployeRepositoryTest on FR-L3032818 with PID 20764 (started by johan.campion in C:\Users\johan.campion\IdeaProjects\ipi-java-350-ex)
2019-03-22 16:57:02 - INFO  - No active profile set, falling back to default profiles: default
2019-03-22 16:57:03 - INFO  - Started EmployeRepositoryTest in 1.046 seconds (JVM running for 10.917)
2019-03-22 16:57:03 - INFO  - Starting EmployeServiceIntegrationTest on FR-L3032818 with PID 20764 (started by johan.campion in C:\Users\johan.campion\IdeaProjects\ipi-java-350-ex)
2019-03-22 16:57:03 - INFO  - No active profile set, falling back to default profiles: default
2019-03-22 16:57:04 - INFO  - Started EmployeServiceIntegrationTest in 0.951 seconds (JVM running for 12.088)
2019-03-22 16:57:04 - INFO  - Embauche de l'employé John Doe diplômé de BTS_IUT en tant que TECHNICIEN avec un taux d'activité de 1.0 
2019-03-22 16:57:04 - INFO  - Embauche de l'employé John Doe diplômé de MASTER en tant que MANAGER avec un taux d'activité de 0.5 
2019-03-22 16:57:04 - INFO  - Embauche de l'employé John Doe diplômé de MASTER en tant que MANAGER avec un taux d'activité de 0.5 
2019-03-22 16:57:04 - ERROR - Limite des 100000 matricules atteinte !
2019-03-22 16:57:04 - INFO  - Embauche de l'employé John Doe diplômé de MASTER en tant que MANAGER avec un taux d'activité de 0.5 
2019-03-22 16:57:04 - INFO  - Embauche de l'employé John Doe diplômé de BTS_IUT en tant que TECHNICIEN avec un taux d'activité de 1.0 
2019-03-22 16:57:04 - INFO  - Embauche de l'employé John Doe diplômé de MASTER en tant que MANAGER avec un taux d'activité de 0.5 
2019-03-22 16:57:04 - ERROR - L'employé de matricule M00001 existe déjà en BDD
